0: 2.57552
1: 2.76948
2: 2.76919
3: 2.76929
4: 2.76945
5: 2.76914
6: 2.76925
7: 2.76925
8: 2.7694
9: 2.76923
10: 2.76946
11: 2.77131
12: 2.76936
13: 2.76922
14: 2.76906
15: 2.76997
16: 2.76923
17: 2.76925
18: 2.76915
19: 2.76936
20: 2.76929
21: 2.76957
22: 2.76989
23: 2.76913
24: 2.76943
25: 2.76911
26: 2.76924
27: 2.76929
28: 2.76935
29: 2.76935
30: 2.76943
31: 2.76918
32: 2.76921
33: 2.76982
34: 2.76924
35: 2.76964
36: 2.76946
37: 2.76952
38: 2.7692
39: 2.76933
40: 2.76916
41: 2.76915
42: 2.76937
43: 2.76947
44: 2.76942
45: 2.76932
46: 2.76961
47: 2.76927
48: 2.76932
49: 2.76906
50: 2.76918
51: 2.76973
52: 2.76929
53: 2.76927
54: 2.76941
55: 2.76913
56: 2.76924
57: 2.76972
58: 2.76932
59: 2.76914
60: 2.76941
61: 2.7693
62: 2.76927
63: 2.76977
64: 2.7693
65: 2.76932
66: 2.76953
67: 2.76925
68: 2.76909
69: 2.76946
70: 2.76943
71: 2.76905
72: 2.76943
73: 2.7691
74: 2.76933
75: 2.76926
76: 2.76948
77: 2.76933
78: 2.76951
79: 2.76928
80: 2.76936
81: 2.76965
